<?xml version="1.0" encoding="UTF-8"?>
<!-- Generated by org.testng.reporters.JUnitXMLReporter -->
<testsuite ignored="2" hostname="LAPTOP-UDCBSFF7" failures="0" tests="7" name="Test" time="0.066" errors="0" timestamp="2022-06-08T21:18:01 IST">
  <testcase classname="Test_Class_Grouping.Test2" name="TC_01" time="0.008"/>
  <testcase classname="Test_Class_Grouping.Test2" name="TC_02" time="0.001"/>
  <testcase classname="Test_Class_Grouping.Test2" name="TC_03" time="0.001"/>
  <testcase classname="Test_Class_Grouping.Test2" name="TC_04" time="0.0"/>
  <testcase classname="Test_Class_Grouping.Test1" name="TC_01" time="0.001"/>
  <testcase classname="Test_Class_Grouping.Test1" name="TC_02" time="0.001"/>
  <testcase classname="Test_Class_Grouping.Test1" name="TC_03" time="0.002"/>
  <testcase classname="Test_Class_Grouping.Test1" name="TC_05" time="0.0">
    <ignored/>
  </testcase> <!-- TC_05 -->
  <testcase classname="Test_Class_Grouping.Test1" name="TC_04" time="0.0">
    <ignored/>
  </testcase> <!-- TC_04 -->
</testsuite> <!-- Test -->
